{"name": "测试卷宗检索基本流程", "status": "broken", "statusDetails": {"message": "selenium.common.exceptions.TimeoutException: Message:", "trace": "self = <FgAI.test_001.test_archives_search.TestArchivesSearch object at 0x00000172DD3B1790>\ndriver = <selenium.webdriver.chrome.webdriver.WebDriver (session=\"c361a1126598570d62f4950568401be1\")>\n\n    @allure.story(\"卷宗检索功能\")\n    @allure.title(\"测试卷宗检索基本流程\")\n    @allure.severity(allure.severity_level.NORMAL)\n    @pytest.mark.flaky(reruns=2, reruns_delay=2)\n    def test_basic_archives_search(self, driver):\n        \"\"\"\n        测试卷宗检索基本流程：\n        1. 点击卷宗检索\n        2. 输入搜索内容\n        3. 点击搜索\n        4. 预览卷宗\n        5. 关闭预览\n        6. 勾选仅显示文件名\n        7. 关闭搜索\n        \"\"\"\n        try:\n            with allure.step(\"执行卷宗检索基本流程\"):\n>               self.archives_search.perform_archives_search(\"判决\")\n\ntest_archives_search.py:69: \n_ _ _ _ _ _ _ _ _ _ _ _ _ _ _ _ _ _ _ _ _ _ _ _ _ _ _ _ _ _ _ _ _ _ _ _ _ _ _ _\n..\\common\\archives_search_utils.py:98: in perform_archives_search\n    self.safe_click(\n..\\common\\archives_search_utils.py:20: in safe_click\n    element = self.wait.until(EC.element_to_be_clickable(locator))\n_ _ _ _ _ _ _ _ _ _ _ _ _ _ _ _ _ _ _ _ _ _ _ _ _ _ _ _ _ _ _ _ _ _ _ _ _ _ _ _\n\nself = <selenium.webdriver.support.wait.WebDriverWait (session=\"c361a1126598570d62f4950568401be1\")>\nmethod = <function element_to_be_clickable.<locals>._predicate at 0x00000172DD177CA0>\nmessage = ''\n\n    def until(self, method: Callable[[D], Union[Literal[False], T]], message: str = \"\") -> T:\n        \"\"\"Wait until the method returns a value that is not False.\n    \n        Calls the method provided with the driver as an argument until the\n        return value does not evaluate to ``False``.\n    \n        Parameters:\n        ----------\n        method: callable(WebDriver)\n            - A callable object that takes a WebDriver instance as an argument.\n    \n        message: str\n            - Optional message for :exc:`TimeoutException`\n    \n        Return:\n        -------\n        object: T\n            - The result of the last call to `method`\n    \n        Raises:\n        -------\n        TimeoutException\n            - If 'method' does not return a truthy value within the WebDriverWait\n            object's timeout\n    \n        Example:\n        --------\n        >>> from selenium.webdriver.common.by import By\n        >>> from selenium.webdriver.support.ui import WebDriverWait\n        >>> from selenium.webdriver.support import expected_conditions as EC\n    \n        # Wait until an element is visible on the page\n        >>> wait = WebDriverWait(driver, 10)\n        >>> element = wait.until(EC.visibility_of_element_located((By.ID, \"exampleId\")))\n        >>> print(element.text)\n        \"\"\"\n        screen = None\n        stacktrace = None\n    \n        end_time = time.monotonic() + self._timeout\n        while True:\n            try:\n                value = method(self._driver)\n                if value:\n                    return value\n            except self._ignored_exceptions as exc:\n                screen = getattr(exc, \"screen\", None)\n                stacktrace = getattr(exc, \"stacktrace\", None)\n            if time.monotonic() > end_time:\n                break\n            time.sleep(self._poll)\n>       raise TimeoutException(message, screen, stacktrace)\nE       selenium.common.exceptions.TimeoutException: Message:\n\nD:\\Python39\\lib\\site-packages\\selenium\\webdriver\\support\\wait.py:146: TimeoutException"}, "description": "\n        测试卷宗检索基本流程：\n        1. 点击卷宗检索\n        2. 输入搜索内容\n        3. 点击搜索\n        4. 预览卷宗\n        5. 关闭预览\n        6. 勾选仅显示文件名\n        7. 关闭搜索\n        ", "steps": [{"name": "执行卷宗检索基本流程", "status": "broken", "statusDetails": {"message": "selenium.common.exceptions.TimeoutException: Message: \n\n", "trace": "  File \"E:\\AutoTest\\FgAI\\test_001\\test_archives_search.py\", line 69, in test_basic_archives_search\n    self.archives_search.perform_archives_search(\"判决\")\n  File \"D:\\Python39\\lib\\site-packages\\allure_commons\\_allure.py\", line 192, in impl\n    return func(*a, **kw)\n  File \"E:\\AutoTest\\FgAI\\common\\archives_search_utils.py\", line 98, in perform_archives_search\n    self.safe_click(\n  File \"E:\\AutoTest\\FgAI\\common\\archives_search_utils.py\", line 20, in safe_click\n    element = self.wait.until(EC.element_to_be_clickable(locator))\n  File \"D:\\Python39\\lib\\site-packages\\selenium\\webdriver\\support\\wait.py\", line 146, in until\n    raise TimeoutException(message, screen, stacktrace)\n"}, "steps": [{"name": "执行完整的卷宗检索流程", "status": "broken", "statusDetails": {"message": "selenium.common.exceptions.TimeoutException: Message: \n\n", "trace": "  File \"D:\\Python39\\lib\\site-packages\\allure_commons\\_allure.py\", line 192, in impl\n    return func(*a, **kw)\n  File \"E:\\AutoTest\\FgAI\\common\\archives_search_utils.py\", line 98, in perform_archives_search\n    self.safe_click(\n  File \"E:\\AutoTest\\FgAI\\common\\archives_search_utils.py\", line 20, in safe_click\n    element = self.wait.until(EC.element_to_be_clickable(locator))\n  File \"D:\\Python39\\lib\\site-packages\\selenium\\webdriver\\support\\wait.py\", line 146, in until\n    raise TimeoutException(message, screen, stacktrace)\n"}, "steps": [{"name": "点击辅助阅卷按钮", "status": "passed", "start": 1744880795034, "stop": 1744880796460}, {"name": "点击卷宗检索按钮", "status": "passed", "start": 1744880796460, "stop": 1744880797529}, {"name": "输入搜索关键词: 判决", "status": "passed", "start": 1744880797529, "stop": 1744880797588}, {"name": "点击搜索按钮", "status": "passed", "start": 1744880797588, "stop": 1744880799659}, {"name": "点击预览卷宗", "status": "passed", "start": 1744880799659, "stop": 1744880801748}, {"name": "关闭卷宗预览", "status": "passed", "start": 1744880801748, "stop": 1744880802839}, {"name": "勾选仅显示文件名", "status": "broken", "statusDetails": {"message": "selenium.common.exceptions.TimeoutException: Message: \n\n", "trace": "  File \"E:\\AutoTest\\FgAI\\common\\archives_search_utils.py\", line 98, in perform_archives_search\n    self.safe_click(\n  File \"E:\\AutoTest\\FgAI\\common\\archives_search_utils.py\", line 20, in safe_click\n    element = self.wait.until(EC.element_to_be_clickable(locator))\n  File \"D:\\Python39\\lib\\site-packages\\selenium\\webdriver\\support\\wait.py\", line 146, in until\n    raise TimeoutException(message, screen, stacktrace)\n"}, "start": 1744880802839, "stop": 1744880812904}], "attachments": [{"name": "失败截图", "source": "500ae112-451d-4898-afea-e754bc09c05c-attachment.png", "type": "image/png"}], "parameters": [{"name": "keyword", "value": "'判决'"}], "start": 1744880795034, "stop": 1744880813007}], "start": 1744880795034, "stop": 1744880813007}], "attachments": [{"name": "基本流程失败", "source": "8bfa7706-f68e-49e3-8bd6-b5fafa67cc98-attachment.png", "type": "image/png"}, {"name": "log", "source": "feb656ff-70dd-4285-99ba-41e8ae062e3b-attachment.txt", "type": "text/plain"}, {"name": "stderr", "source": "6c0bc029-6210-4771-8a62-3cf26b6ff707-attachment.txt", "type": "text/plain"}], "start": 1744880795034, "stop": 1744880813096, "uuid": "f9f257ca-668d-4a4f-ba66-0a17f91ff799", "historyId": "1eb63ddd2bc33b89505ec3797cb4bed7", "testCaseId": "1eb63ddd2bc33b89505ec3797cb4bed7", "fullName": "test_001.test_archives_search.TestArchivesSearch#test_basic_archives_search", "labels": [{"name": "severity", "value": "normal"}, {"name": "epic", "value": "案件管理系统"}, {"name": "story", "value": "卷宗检索功能"}, {"name": "feature", "value": "卷宗检索模块"}, {"name": "tag", "value": "flaky(reruns=2, reruns_delay=2)"}, {"name": "parentSuite", "value": "test_001"}, {"name": "suite", "value": "test_archives_search"}, {"name": "subSuite", "value": "TestArchivesSearch"}, {"name": "host", "value": "DESKTOP-3S8JLNL"}, {"name": "thread", "value": "24652-MainThread"}, {"name": "framework", "value": "pytest"}, {"name": "language", "value": "cpython3"}, {"name": "package", "value": "test_001.test_archives_search"}]}