{"name": "测试卷宗检索基本流程", "status": "broken", "statusDetails": {"message": "selenium.common.exceptions.TimeoutException: Message: \nStacktrace:\n\tGetHandleVerifier [0x00007FF6C1FBDF85+26693]\n\t(No symbol) [0x00007FF6C1F1EAD0]\n\t(No symbol) [0x00007FF6C1DA91CA]\n\t(No symbol) [0x00007FF6C1DFF747]\n\t(No symbol) [0x00007FF6C1DFF97C]\n\t(No symbol) [0x00007FF6C1E533C7]\n\t(No symbol) [0x00007FF6C1E2792F]\n\t(No symbol) [0x00007FF6C1E500B8]\n\t(No symbol) [0x00007FF6C1E276C3]\n\t(No symbol) [0x00007FF6C1DF0490]\n\t(No symbol) [0x00007FF6C1DF1743]\n\tGetHandleVerifier [0x00007FF6C231436D+3525677]\n\tGetHandleVerifier [0x00007FF6C2327F3B+3606523]\n\tGetHandleVerifier [0x00007FF6C231CEE3+3561379]\n\tGetHandleVerifier [0x00007FF6C2087C0A+853194]\n\t(No symbol) [0x00007FF6C1F2990F]\n\t(No symbol) [0x00007FF6C1F25674]\n\t(No symbol) [0x00007FF6C1F25816]\n\t(No symbol) [0x00007FF6C1F14D89]\n\tBaseThreadInitThunk [0x00007FF98108E8D7+23]\n\tRtlUserThreadStart [0x00007FF9825514FC+44]", "trace": "self = <FgAI.test_001.test_archives_search.TestArchivesSearch object at 0x000001CA301207C0>\ndriver = <selenium.webdriver.chrome.webdriver.WebDriver (session=\"03548961dcd434a4581346d668bc9ba7\")>\n\n    @allure.story(\"卷宗检索功能\")\n    @allure.title(\"测试卷宗检索基本流程\")\n    @allure.severity(allure.severity_level.NORMAL)\n    @pytest.mark.flaky(reruns=2, reruns_delay=2)\n    def test_basic_archives_search(self, driver):\n        \"\"\"\n        测试卷宗检索基本流程：\n        1. 点击卷宗检索\n        2. 输入搜索内容\n        3. 点击搜索\n        4. 预览卷宗\n        5. 关闭预览\n        6. 勾选仅显示文件名\n        7. 关闭搜索\n        \"\"\"\n        try:\n            with allure.step(\"执行卷宗检索基本流程\"):\n>               self.archives_search.perform_archives_search(\"判决\")\n\ntest_archives_search.py:69: \n_ _ _ _ _ _ _ _ _ _ _ _ _ _ _ _ _ _ _ _ _ _ _ _ _ _ _ _ _ _ _ _ _ _ _ _ _ _ _ _\n..\\common\\archives_search_utils.py:50: in perform_archives_search\n    self.safe_click(\n..\\common\\archives_search_utils.py:20: in safe_click\n    element = self.wait.until(EC.element_to_be_clickable(locator))\n_ _ _ _ _ _ _ _ _ _ _ _ _ _ _ _ _ _ _ _ _ _ _ _ _ _ _ _ _ _ _ _ _ _ _ _ _ _ _ _\n\nself = <selenium.webdriver.support.wait.WebDriverWait (session=\"03548961dcd434a4581346d668bc9ba7\")>\nmethod = <function element_to_be_clickable.<locals>._predicate at 0x000001CA2FEE7CA0>\nmessage = ''\n\n    def until(self, method: Callable[[D], Union[Literal[False], T]], message: str = \"\") -> T:\n        \"\"\"Wait until the method returns a value that is not False.\n    \n        Calls the method provided with the driver as an argument until the\n        return value does not evaluate to ``False``.\n    \n        Parameters:\n        ----------\n        method: callable(WebDriver)\n            - A callable object that takes a WebDriver instance as an argument.\n    \n        message: str\n            - Optional message for :exc:`TimeoutException`\n    \n        Return:\n        -------\n        object: T\n            - The result of the last call to `method`\n    \n        Raises:\n        -------\n        TimeoutException\n            - If 'method' does not return a truthy value within the WebDriverWait\n            object's timeout\n    \n        Example:\n        --------\n        >>> from selenium.webdriver.common.by import By\n        >>> from selenium.webdriver.support.ui import WebDriverWait\n        >>> from selenium.webdriver.support import expected_conditions as EC\n    \n        # Wait until an element is visible on the page\n        >>> wait = WebDriverWait(driver, 10)\n        >>> element = wait.until(EC.visibility_of_element_located((By.ID, \"exampleId\")))\n        >>> print(element.text)\n        \"\"\"\n        screen = None\n        stacktrace = None\n    \n        end_time = time.monotonic() + self._timeout\n        while True:\n            try:\n                value = method(self._driver)\n                if value:\n                    return value\n            except self._ignored_exceptions as exc:\n                screen = getattr(exc, \"screen\", None)\n                stacktrace = getattr(exc, \"stacktrace\", None)\n            if time.monotonic() > end_time:\n                break\n            time.sleep(self._poll)\n>       raise TimeoutException(message, screen, stacktrace)\nE       selenium.common.exceptions.TimeoutException: Message: \nE       Stacktrace:\nE       \tGetHandleVerifier [0x00007FF6C1FBDF85+26693]\nE       \t(No symbol) [0x00007FF6C1F1EAD0]\nE       \t(No symbol) [0x00007FF6C1DA91CA]\nE       \t(No symbol) [0x00007FF6C1DFF747]\nE       \t(No symbol) [0x00007FF6C1DFF97C]\nE       \t(No symbol) [0x00007FF6C1E533C7]\nE       \t(No symbol) [0x00007FF6C1E2792F]\nE       \t(No symbol) [0x00007FF6C1E500B8]\nE       \t(No symbol) [0x00007FF6C1E276C3]\nE       \t(No symbol) [0x00007FF6C1DF0490]\nE       \t(No symbol) [0x00007FF6C1DF1743]\nE       \tGetHandleVerifier [0x00007FF6C231436D+3525677]\nE       \tGetHandleVerifier [0x00007FF6C2327F3B+3606523]\nE       \tGetHandleVerifier [0x00007FF6C231CEE3+3561379]\nE       \tGetHandleVerifier [0x00007FF6C2087C0A+853194]\nE       \t(No symbol) [0x00007FF6C1F2990F]\nE       \t(No symbol) [0x00007FF6C1F25674]\nE       \t(No symbol) [0x00007FF6C1F25816]\nE       \t(No symbol) [0x00007FF6C1F14D89]\nE       \tBaseThreadInitThunk [0x00007FF98108E8D7+23]\nE       \tRtlUserThreadStart [0x00007FF9825514FC+44]\n\nD:\\Python39\\lib\\site-packages\\selenium\\webdriver\\support\\wait.py:146: TimeoutException"}, "description": "\n        测试卷宗检索基本流程：\n        1. 点击卷宗检索\n        2. 输入搜索内容\n        3. 点击搜索\n        4. 预览卷宗\n        5. 关闭预览\n        6. 勾选仅显示文件名\n        7. 关闭搜索\n        ", "steps": [{"name": "执行卷宗检索基本流程", "status": "broken", "statusDetails": {"message": "selenium.common.exceptions.TimeoutException: Message: \nStacktrace:\n\tGetHandleVerifier [0x00007FF6C1FBDF85+26693]\n\t(No symbol) [0x00007FF6C1F1EAD0]\n\t(No symbol) [0x00007FF6C1DA91CA]\n\t(No symbol) [0x00007FF6C1DFF747]\n\t(No symbol) [0x00007FF6C1DFF97C]\n\t(No symbol) [0x00007FF6C1E533C7]\n\t(No symbol) [0x00007FF6C1E2792F]\n\t(No symbol) [0x00007FF6C1E500B8]\n\t(No symbol) [0x00007FF6C1E276C3]\n\t(No symbol) [0x00007FF6C1DF0490]\n\t(No symbol) [0x00007FF6C1DF1743]\n\tGetHandleVerifier [0x00007FF6C231436D+3525677]\n\tGetHandleVerifier [0x00007FF6C2327F3B+3606523]\n\tGetHandleVerifier [0x00007FF6C231CEE3+3561379]\n\tGetHandleVerifier [0x00007FF6C2087C0A+853194]\n\t(No symbol) [0x00007FF6C1F2990F]\n\t(No symbol) [0x00007FF6C1F25674]\n\t(No symbol) [0x00007FF6C1F25816]\n\t(No symbol) [0x00007FF6C1F14D89]\n\tBaseThreadInitThunk [0x00007FF98108E8D7+23]\n\tRtlUserThreadStart [0x00007FF9825514FC+44]\n\n", "trace": "  File \"E:\\AutoTest\\FgAI\\test_001\\test_archives_search.py\", line 69, in test_basic_archives_search\n    self.archives_search.perform_archives_search(\"判决\")\n  File \"D:\\Python39\\lib\\site-packages\\allure_commons\\_allure.py\", line 192, in impl\n    return func(*a, **kw)\n  File \"E:\\AutoTest\\FgAI\\common\\archives_search_utils.py\", line 50, in perform_archives_search\n    self.safe_click(\n  File \"E:\\AutoTest\\FgAI\\common\\archives_search_utils.py\", line 20, in safe_click\n    element = self.wait.until(EC.element_to_be_clickable(locator))\n  File \"D:\\Python39\\lib\\site-packages\\selenium\\webdriver\\support\\wait.py\", line 146, in until\n    raise TimeoutException(message, screen, stacktrace)\n"}, "steps": [{"name": "执行完整的卷宗检索流程", "status": "broken", "statusDetails": {"message": "selenium.common.exceptions.TimeoutException: Message: \nStacktrace:\n\tGetHandleVerifier [0x00007FF6C1FBDF85+26693]\n\t(No symbol) [0x00007FF6C1F1EAD0]\n\t(No symbol) [0x00007FF6C1DA91CA]\n\t(No symbol) [0x00007FF6C1DFF747]\n\t(No symbol) [0x00007FF6C1DFF97C]\n\t(No symbol) [0x00007FF6C1E533C7]\n\t(No symbol) [0x00007FF6C1E2792F]\n\t(No symbol) [0x00007FF6C1E500B8]\n\t(No symbol) [0x00007FF6C1E276C3]\n\t(No symbol) [0x00007FF6C1DF0490]\n\t(No symbol) [0x00007FF6C1DF1743]\n\tGetHandleVerifier [0x00007FF6C231436D+3525677]\n\tGetHandleVerifier [0x00007FF6C2327F3B+3606523]\n\tGetHandleVerifier [0x00007FF6C231CEE3+3561379]\n\tGetHandleVerifier [0x00007FF6C2087C0A+853194]\n\t(No symbol) [0x00007FF6C1F2990F]\n\t(No symbol) [0x00007FF6C1F25674]\n\t(No symbol) [0x00007FF6C1F25816]\n\t(No symbol) [0x00007FF6C1F14D89]\n\tBaseThreadInitThunk [0x00007FF98108E8D7+23]\n\tRtlUserThreadStart [0x00007FF9825514FC+44]\n\n", "trace": "  File \"D:\\Python39\\lib\\site-packages\\allure_commons\\_allure.py\", line 192, in impl\n    return func(*a, **kw)\n  File \"E:\\AutoTest\\FgAI\\common\\archives_search_utils.py\", line 50, in perform_archives_search\n    self.safe_click(\n  File \"E:\\AutoTest\\FgAI\\common\\archives_search_utils.py\", line 20, in safe_click\n    element = self.wait.until(EC.element_to_be_clickable(locator))\n  File \"D:\\Python39\\lib\\site-packages\\selenium\\webdriver\\support\\wait.py\", line 146, in until\n    raise TimeoutException(message, screen, stacktrace)\n"}, "steps": [{"name": "点击卷宗检索按钮", "status": "broken", "statusDetails": {"message": "selenium.common.exceptions.TimeoutException: Message: \nStacktrace:\n\tGetHandleVerifier [0x00007FF6C1FBDF85+26693]\n\t(No symbol) [0x00007FF6C1F1EAD0]\n\t(No symbol) [0x00007FF6C1DA91CA]\n\t(No symbol) [0x00007FF6C1DFF747]\n\t(No symbol) [0x00007FF6C1DFF97C]\n\t(No symbol) [0x00007FF6C1E533C7]\n\t(No symbol) [0x00007FF6C1E2792F]\n\t(No symbol) [0x00007FF6C1E500B8]\n\t(No symbol) [0x00007FF6C1E276C3]\n\t(No symbol) [0x00007FF6C1DF0490]\n\t(No symbol) [0x00007FF6C1DF1743]\n\tGetHandleVerifier [0x00007FF6C231436D+3525677]\n\tGetHandleVerifier [0x00007FF6C2327F3B+3606523]\n\tGetHandleVerifier [0x00007FF6C231CEE3+3561379]\n\tGetHandleVerifier [0x00007FF6C2087C0A+853194]\n\t(No symbol) [0x00007FF6C1F2990F]\n\t(No symbol) [0x00007FF6C1F25674]\n\t(No symbol) [0x00007FF6C1F25816]\n\t(No symbol) [0x00007FF6C1F14D89]\n\tBaseThreadInitThunk [0x00007FF98108E8D7+23]\n\tRtlUserThreadStart [0x00007FF9825514FC+44]\n\n", "trace": "  File \"E:\\AutoTest\\FgAI\\common\\archives_search_utils.py\", line 50, in perform_archives_search\n    self.safe_click(\n  File \"E:\\AutoTest\\FgAI\\common\\archives_search_utils.py\", line 20, in safe_click\n    element = self.wait.until(EC.element_to_be_clickable(locator))\n  File \"D:\\Python39\\lib\\site-packages\\selenium\\webdriver\\support\\wait.py\", line 146, in until\n    raise TimeoutException(message, screen, stacktrace)\n"}, "start": 1744880459402, "stop": 1744880469419}], "attachments": [{"name": "失败截图", "source": "c507c384-6594-4c70-bd45-4197cd0faee8-attachment.png", "type": "image/png"}], "parameters": [{"name": "keyword", "value": "'判决'"}], "start": 1744880459402, "stop": 1744880469489}], "start": 1744880459402, "stop": 1744880469491}], "attachments": [{"name": "基本流程失败", "source": "a527e151-7994-4272-846e-1093e8d139e3-attachment.png", "type": "image/png"}, {"name": "log", "source": "35b50740-727b-4cfe-99fa-261288cf99bd-attachment.txt", "type": "text/plain"}, {"name": "stderr", "source": "1df5d2f0-a74c-4642-bd79-cd71bbf56748-attachment.txt", "type": "text/plain"}], "start": 1744880459402, "stop": 1744880469589, "uuid": "0003de87-e666-4052-970a-4ebcb8038c25", "historyId": "1eb63ddd2bc33b89505ec3797cb4bed7", "testCaseId": "1eb63ddd2bc33b89505ec3797cb4bed7", "fullName": "test_001.test_archives_search.TestArchivesSearch#test_basic_archives_search", "labels": [{"name": "feature", "value": "卷宗检索模块"}, {"name": "severity", "value": "normal"}, {"name": "epic", "value": "案件管理系统"}, {"name": "story", "value": "卷宗检索功能"}, {"name": "tag", "value": "flaky(reruns=2, reruns_delay=2)"}, {"name": "parentSuite", "value": "test_001"}, {"name": "suite", "value": "test_archives_search"}, {"name": "subSuite", "value": "TestArchivesSearch"}, {"name": "host", "value": "DESKTOP-3S8JLNL"}, {"name": "thread", "value": "21388-MainThread"}, {"name": "framework", "value": "pytest"}, {"name": "language", "value": "cpython3"}, {"name": "package", "value": "test_001.test_archives_search"}]}