{"name": "辅助生成测试", "status": "broken", "statusDetails": {"message": "selenium.common.exceptions.TimeoutException: Message: \nStacktrace:\n\tGetHandleVerifier [0x00007FF6780FDF85+26693]\n\t(No symbol) [0x00007FF67805EAD0]\n\t(No symbol) [0x00007FF677EE91CA]\n\t(No symbol) [0x00007FF677F3F747]\n\t(No symbol) [0x00007FF677F3F97C]\n\t(No symbol) [0x00007FF677F933C7]\n\t(No symbol) [0x00007FF677F6792F]\n\t(No symbol) [0x00007FF677F900B8]\n\t(No symbol) [0x00007FF677F676C3]\n\t(No symbol) [0x00007FF677F30490]\n\t(No symbol) [0x00007FF677F31743]\n\tGetHandleVerifier [0x00007FF67845436D+3525677]\n\tGetHandleVerifier [0x00007FF678467F3B+3606523]\n\tGetHandleVerifier [0x00007FF67845CEE3+3561379]\n\tGetHandleVerifier [0x00007FF6781C7C0A+853194]\n\t(No symbol) [0x00007FF67806990F]\n\t(No symbol) [0x00007FF678065674]\n\t(No symbol) [0x00007FF678065816]\n\t(No symbol) [0x00007FF678054D89]\n\tBaseThreadInitThunk [0x00007FF8EA71E8D7+23]\n\tRtlUserThreadStart [0x00007FF8EC15BF6C+44]", "trace": "self = <FgAI.test_001.AssistedG.TestAssistedGeneration object at 0x000001DD7AC11520>\n\n    @allure.story(\"辅助生成流程\")\n    @allure.title(\"辅助生成测试\")\n    @allure.severity(allure.severity_level.CRITICAL)\n    def test_assisted_generation(self):\n        \"\"\"测试辅助生成流程\"\"\"\n        try:\n            # 1. 登录系统\n            with allure.step(\"登录系统\"):\n                logger.info(\"开始登录系统\")\n                self.login_page.login()\n                time.sleep(2)\n                logger.info(\"登录成功\")\n    \n            # 2. 点击辅助生成菜单\n            with allure.step(\"进入辅助生成页面\"):\n                logger.info(\"点击辅助生成菜单\")\n>               assisted_menu = self.wait.until(\n                    EC.element_to_be_clickable(self.assisted_menu)\n                )\n\nAssistedG.py:58: \n_ _ _ _ _ _ _ _ _ _ _ _ _ _ _ _ _ _ _ _ _ _ _ _ _ _ _ _ _ _ _ _ _ _ _ _ _ _ _ _\n\nself = <selenium.webdriver.support.wait.WebDriverWait (session=\"76aeca4f14662533c337679b3d298f7b\")>\nmethod = <function element_to_be_clickable.<locals>._predicate at 0x000001DD7AB36940>\nmessage = ''\n\n    def until(self, method: Callable[[D], Union[Literal[False], T]], message: str = \"\") -> T:\n        \"\"\"Wait until the method returns a value that is not False.\n    \n        Calls the method provided with the driver as an argument until the\n        return value does not evaluate to ``False``.\n    \n        Parameters:\n        ----------\n        method: callable(WebDriver)\n            - A callable object that takes a WebDriver instance as an argument.\n    \n        message: str\n            - Optional message for :exc:`TimeoutException`\n    \n        Return:\n        -------\n        object: T\n            - The result of the last call to `method`\n    \n        Raises:\n        -------\n        TimeoutException\n            - If 'method' does not return a truthy value within the WebDriverWait\n            object's timeout\n    \n        Example:\n        --------\n        >>> from selenium.webdriver.common.by import By\n        >>> from selenium.webdriver.support.ui import WebDriverWait\n        >>> from selenium.webdriver.support import expected_conditions as EC\n    \n        # Wait until an element is visible on the page\n        >>> wait = WebDriverWait(driver, 10)\n        >>> element = wait.until(EC.visibility_of_element_located((By.ID, \"exampleId\")))\n        >>> print(element.text)\n        \"\"\"\n        screen = None\n        stacktrace = None\n    \n        end_time = time.monotonic() + self._timeout\n        while True:\n            try:\n                value = method(self._driver)\n                if value:\n                    return value\n            except self._ignored_exceptions as exc:\n                screen = getattr(exc, \"screen\", None)\n                stacktrace = getattr(exc, \"stacktrace\", None)\n            if time.monotonic() > end_time:\n                break\n            time.sleep(self._poll)\n>       raise TimeoutException(message, screen, stacktrace)\nE       selenium.common.exceptions.TimeoutException: Message: \nE       Stacktrace:\nE       \tGetHandleVerifier [0x00007FF6780FDF85+26693]\nE       \t(No symbol) [0x00007FF67805EAD0]\nE       \t(No symbol) [0x00007FF677EE91CA]\nE       \t(No symbol) [0x00007FF677F3F747]\nE       \t(No symbol) [0x00007FF677F3F97C]\nE       \t(No symbol) [0x00007FF677F933C7]\nE       \t(No symbol) [0x00007FF677F6792F]\nE       \t(No symbol) [0x00007FF677F900B8]\nE       \t(No symbol) [0x00007FF677F676C3]\nE       \t(No symbol) [0x00007FF677F30490]\nE       \t(No symbol) [0x00007FF677F31743]\nE       \tGetHandleVerifier [0x00007FF67845436D+3525677]\nE       \tGetHandleVerifier [0x00007FF678467F3B+3606523]\nE       \tGetHandleVerifier [0x00007FF67845CEE3+3561379]\nE       \tGetHandleVerifier [0x00007FF6781C7C0A+853194]\nE       \t(No symbol) [0x00007FF67806990F]\nE       \t(No symbol) [0x00007FF678065674]\nE       \t(No symbol) [0x00007FF678065816]\nE       \t(No symbol) [0x00007FF678054D89]\nE       \tBaseThreadInitThunk [0x00007FF8EA71E8D7+23]\nE       \tRtlUserThreadStart [0x00007FF8EC15BF6C+44]\n\nD:\\Python39\\lib\\site-packages\\selenium\\webdriver\\support\\wait.py:146: TimeoutException"}, "description": "测试辅助生成流程", "steps": [{"name": "登录系统", "status": "passed", "start": 1743038809184, "stop": 1743038821871}, {"name": "进入辅助生成页面", "status": "broken", "statusDetails": {"message": "selenium.common.exceptions.TimeoutException: Message: \nStacktrace:\n\tGetHandleVerifier [0x00007FF6780FDF85+26693]\n\t(No symbol) [0x00007FF67805EAD0]\n\t(No symbol) [0x00007FF677EE91CA]\n\t(No symbol) [0x00007FF677F3F747]\n\t(No symbol) [0x00007FF677F3F97C]\n\t(No symbol) [0x00007FF677F933C7]\n\t(No symbol) [0x00007FF677F6792F]\n\t(No symbol) [0x00007FF677F900B8]\n\t(No symbol) [0x00007FF677F676C3]\n\t(No symbol) [0x00007FF677F30490]\n\t(No symbol) [0x00007FF677F31743]\n\tGetHandleVerifier [0x00007FF67845436D+3525677]\n\tGetHandleVerifier [0x00007FF678467F3B+3606523]\n\tGetHandleVerifier [0x00007FF67845CEE3+3561379]\n\tGetHandleVerifier [0x00007FF6781C7C0A+853194]\n\t(No symbol) [0x00007FF67806990F]\n\t(No symbol) [0x00007FF678065674]\n\t(No symbol) [0x00007FF678065816]\n\t(No symbol) [0x00007FF678054D89]\n\tBaseThreadInitThunk [0x00007FF8EA71E8D7+23]\n\tRtlUserThreadStart [0x00007FF8EC15BF6C+44]\n\n", "trace": "  File \"E:\\AutoTest\\FgAI\\test_001\\AssistedG.py\", line 58, in test_assisted_generation\n    assisted_menu = self.wait.until(\n  File \"D:\\Python39\\lib\\site-packages\\selenium\\webdriver\\support\\wait.py\", line 146, in until\n    raise TimeoutException(message, screen, stacktrace)\n"}, "start": 1743038821871, "stop": 1743038831909}], "attachments": [{"name": "test_failed", "source": "dabfd38e-1b84-44d4-85fc-46ffc481fcba-attachment.png", "type": "image/png"}, {"name": "log", "source": "ec0d73dd-2c89-461a-a8e9-649e93c06b94-attachment.txt", "type": "text/plain"}, {"name": "stderr", "source": "f7e767b8-1037-4125-920b-963ea705f119-attachment.txt", "type": "text/plain"}], "start": 1743038809184, "stop": 1743038831978, "uuid": "338bc60c-b0fa-40e3-8064-db73ad401489", "historyId": "38c1b2749cdfdd7206bd4f0ee263e889", "testCaseId": "38c1b2749cdfdd7206bd4f0ee263e889", "fullName": "test_001.AssistedG.TestAssistedGeneration#test_assisted_generation", "labels": [{"name": "feature", "value": "辅助生成"}, {"name": "epic", "value": "FGAI自动化测试"}, {"name": "severity", "value": "critical"}, {"name": "story", "value": "辅助生成流程"}, {"name": "parentSuite", "value": "test_001"}, {"name": "suite", "value": "AssistedG"}, {"name": "subSuite", "value": "TestAssistedGeneration"}, {"name": "host", "value": "DESKTOP-3S8JLNL"}, {"name": "thread", "value": "4628-MainThread"}, {"name": "framework", "value": "pytest"}, {"name": "language", "value": "cpython3"}, {"name": "package", "value": "test_001.AssistedG"}]}