{"name": "测试笔记内容的查找和替换", "status": "broken", "statusDetails": {"message": "selenium.common.exceptions.TimeoutException: Message: \nStacktrace:\n\tGetHandleVerifier [0x00007FF6C1FBDF85+26693]\n\t(No symbol) [0x00007FF6C1F1EAD0]\n\t(No symbol) [0x00007FF6C1DA91CA]\n\t(No symbol) [0x00007FF6C1DFF747]\n\t(No symbol) [0x00007FF6C1DFF97C]\n\t(No symbol) [0x00007FF6C1E533C7]\n\t(No symbol) [0x00007FF6C1E2792F]\n\t(No symbol) [0x00007FF6C1E500B8]\n\t(No symbol) [0x00007FF6C1E276C3]\n\t(No symbol) [0x00007FF6C1DF0490]\n\t(No symbol) [0x00007FF6C1DF1743]\n\tGetHandleVerifier [0x00007FF6C231436D+3525677]\n\tGetHandleVerifier [0x00007FF6C2327F3B+3606523]\n\tGetHandleVerifier [0x00007FF6C231CEE3+3561379]\n\tGetHandleVerifier [0x00007FF6C2087C0A+853194]\n\t(No symbol) [0x00007FF6C1F2990F]\n\t(No symbol) [0x00007FF6C1F25674]\n\t(No symbol) [0x00007FF6C1F25816]\n\t(No symbol) [0x00007FF6C1F14D89]\n\tBaseThreadInitThunk [0x00007FF98108E8D7+23]\n\tRtlUserThreadStart [0x00007FF9825514FC+44]", "trace": "self = <FgAI.test_001.test_read_notes.TestReadNotes object at 0x000001C8F2ABC2B0>\n\n    @allure.story(\"查找替换功能\")\n    @allure.title(\"测试笔记内容的查找和替换\")\n    @allure.severity(allure.severity_level.NORMAL)\n    @pytest.mark.flaky(reruns=2, reruns_delay=2)\n    def test_search_and_replace(self):\n        \"\"\"\n        测试查找替换功能：\n        1. 打开阅卷笔记\n        2. 打开查找替换框\n        3. 输入查找和替换内容\n        4. 执行替换操作\n        5. 保存更改\n        \"\"\"\n        logger.info(\"开始测试查找替换功能...\")\n        try:\n            with allure.step(\"打开阅卷笔记\"):\n>               self.read_notes.open_reading_notes()\n\ntest_read_notes.py:121: \n_ _ _ _ _ _ _ _ _ _ _ _ _ _ _ _ _ _ _ _ _ _ _ _ _ _ _ _ _ _ _ _ _ _ _ _ _ _ _ _\n..\\common\\read_notes_utils.py:14: in open_reading_notes\n    self.wait.until(EC.element_to_be_clickable(ReadNotesPage.REVIEW_NOTES_BUTTON)).click()\n_ _ _ _ _ _ _ _ _ _ _ _ _ _ _ _ _ _ _ _ _ _ _ _ _ _ _ _ _ _ _ _ _ _ _ _ _ _ _ _\n\nself = <selenium.webdriver.support.wait.WebDriverWait (session=\"1dea13f3447fd263f6904b643537e6c3\")>\nmethod = <function element_to_be_clickable.<locals>._predicate at 0x000001C8F3EF5670>\nmessage = ''\n\n    def until(self, method: Callable[[D], Union[Literal[False], T]], message: str = \"\") -> T:\n        \"\"\"Wait until the method returns a value that is not False.\n    \n        Calls the method provided with the driver as an argument until the\n        return value does not evaluate to ``False``.\n    \n        Parameters:\n        ----------\n        method: callable(WebDriver)\n            - A callable object that takes a WebDriver instance as an argument.\n    \n        message: str\n            - Optional message for :exc:`TimeoutException`\n    \n        Return:\n        -------\n        object: T\n            - The result of the last call to `method`\n    \n        Raises:\n        -------\n        TimeoutException\n            - If 'method' does not return a truthy value within the WebDriverWait\n            object's timeout\n    \n        Example:\n        --------\n        >>> from selenium.webdriver.common.by import By\n        >>> from selenium.webdriver.support.ui import WebDriverWait\n        >>> from selenium.webdriver.support import expected_conditions as EC\n    \n        # Wait until an element is visible on the page\n        >>> wait = WebDriverWait(driver, 10)\n        >>> element = wait.until(EC.visibility_of_element_located((By.ID, \"exampleId\")))\n        >>> print(element.text)\n        \"\"\"\n        screen = None\n        stacktrace = None\n    \n        end_time = time.monotonic() + self._timeout\n        while True:\n            try:\n                value = method(self._driver)\n                if value:\n                    return value\n            except self._ignored_exceptions as exc:\n                screen = getattr(exc, \"screen\", None)\n                stacktrace = getattr(exc, \"stacktrace\", None)\n            if time.monotonic() > end_time:\n                break\n            time.sleep(self._poll)\n>       raise TimeoutException(message, screen, stacktrace)\nE       selenium.common.exceptions.TimeoutException: Message: \nE       Stacktrace:\nE       \tGetHandleVerifier [0x00007FF6C1FBDF85+26693]\nE       \t(No symbol) [0x00007FF6C1F1EAD0]\nE       \t(No symbol) [0x00007FF6C1DA91CA]\nE       \t(No symbol) [0x00007FF6C1DFF747]\nE       \t(No symbol) [0x00007FF6C1DFF97C]\nE       \t(No symbol) [0x00007FF6C1E533C7]\nE       \t(No symbol) [0x00007FF6C1E2792F]\nE       \t(No symbol) [0x00007FF6C1E500B8]\nE       \t(No symbol) [0x00007FF6C1E276C3]\nE       \t(No symbol) [0x00007FF6C1DF0490]\nE       \t(No symbol) [0x00007FF6C1DF1743]\nE       \tGetHandleVerifier [0x00007FF6C231436D+3525677]\nE       \tGetHandleVerifier [0x00007FF6C2327F3B+3606523]\nE       \tGetHandleVerifier [0x00007FF6C231CEE3+3561379]\nE       \tGetHandleVerifier [0x00007FF6C2087C0A+853194]\nE       \t(No symbol) [0x00007FF6C1F2990F]\nE       \t(No symbol) [0x00007FF6C1F25674]\nE       \t(No symbol) [0x00007FF6C1F25816]\nE       \t(No symbol) [0x00007FF6C1F14D89]\nE       \tBaseThreadInitThunk [0x00007FF98108E8D7+23]\nE       \tRtlUserThreadStart [0x00007FF9825514FC+44]\n\nD:\\Python39\\lib\\site-packages\\selenium\\webdriver\\support\\wait.py:146: TimeoutException"}, "description": "\n        测试查找替换功能：\n        1. 打开阅卷笔记\n        2. 打开查找替换框\n        3. 输入查找和替换内容\n        4. 执行替换操作\n        5. 保存更改\n        ", "steps": [{"name": "打开阅卷笔记", "status": "broken", "statusDetails": {"message": "selenium.common.exceptions.TimeoutException: Message: \nStacktrace:\n\tGetHandleVerifier [0x00007FF6C1FBDF85+26693]\n\t(No symbol) [0x00007FF6C1F1EAD0]\n\t(No symbol) [0x00007FF6C1DA91CA]\n\t(No symbol) [0x00007FF6C1DFF747]\n\t(No symbol) [0x00007FF6C1DFF97C]\n\t(No symbol) [0x00007FF6C1E533C7]\n\t(No symbol) [0x00007FF6C1E2792F]\n\t(No symbol) [0x00007FF6C1E500B8]\n\t(No symbol) [0x00007FF6C1E276C3]\n\t(No symbol) [0x00007FF6C1DF0490]\n\t(No symbol) [0x00007FF6C1DF1743]\n\tGetHandleVerifier [0x00007FF6C231436D+3525677]\n\tGetHandleVerifier [0x00007FF6C2327F3B+3606523]\n\tGetHandleVerifier [0x00007FF6C231CEE3+3561379]\n\tGetHandleVerifier [0x00007FF6C2087C0A+853194]\n\t(No symbol) [0x00007FF6C1F2990F]\n\t(No symbol) [0x00007FF6C1F25674]\n\t(No symbol) [0x00007FF6C1F25816]\n\t(No symbol) [0x00007FF6C1F14D89]\n\tBaseThreadInitThunk [0x00007FF98108E8D7+23]\n\tRtlUserThreadStart [0x00007FF9825514FC+44]\n\n", "trace": "  File \"E:\\AutoTest\\FgAI\\test_001\\test_read_notes.py\", line 121, in test_search_and_replace\n    self.read_notes.open_reading_notes()\n  File \"D:\\Python39\\lib\\site-packages\\allure_commons\\_allure.py\", line 192, in impl\n    return func(*a, **kw)\n  File \"E:\\AutoTest\\FgAI\\common\\read_notes_utils.py\", line 14, in open_reading_notes\n    self.wait.until(EC.element_to_be_clickable(ReadNotesPage.REVIEW_NOTES_BUTTON)).click()\n  File \"D:\\Python39\\lib\\site-packages\\selenium\\webdriver\\support\\wait.py\", line 146, in until\n    raise TimeoutException(message, screen, stacktrace)\n"}, "steps": [{"name": "打开阅卷笔记", "status": "broken", "statusDetails": {"message": "selenium.common.exceptions.TimeoutException: Message: \nStacktrace:\n\tGetHandleVerifier [0x00007FF6C1FBDF85+26693]\n\t(No symbol) [0x00007FF6C1F1EAD0]\n\t(No symbol) [0x00007FF6C1DA91CA]\n\t(No symbol) [0x00007FF6C1DFF747]\n\t(No symbol) [0x00007FF6C1DFF97C]\n\t(No symbol) [0x00007FF6C1E533C7]\n\t(No symbol) [0x00007FF6C1E2792F]\n\t(No symbol) [0x00007FF6C1E500B8]\n\t(No symbol) [0x00007FF6C1E276C3]\n\t(No symbol) [0x00007FF6C1DF0490]\n\t(No symbol) [0x00007FF6C1DF1743]\n\tGetHandleVerifier [0x00007FF6C231436D+3525677]\n\tGetHandleVerifier [0x00007FF6C2327F3B+3606523]\n\tGetHandleVerifier [0x00007FF6C231CEE3+3561379]\n\tGetHandleVerifier [0x00007FF6C2087C0A+853194]\n\t(No symbol) [0x00007FF6C1F2990F]\n\t(No symbol) [0x00007FF6C1F25674]\n\t(No symbol) [0x00007FF6C1F25816]\n\t(No symbol) [0x00007FF6C1F14D89]\n\tBaseThreadInitThunk [0x00007FF98108E8D7+23]\n\tRtlUserThreadStart [0x00007FF9825514FC+44]\n\n", "trace": "  File \"D:\\Python39\\lib\\site-packages\\allure_commons\\_allure.py\", line 192, in impl\n    return func(*a, **kw)\n  File \"E:\\AutoTest\\FgAI\\common\\read_notes_utils.py\", line 14, in open_reading_notes\n    self.wait.until(EC.element_to_be_clickable(ReadNotesPage.REVIEW_NOTES_BUTTON)).click()\n  File \"D:\\Python39\\lib\\site-packages\\selenium\\webdriver\\support\\wait.py\", line 146, in until\n    raise TimeoutException(message, screen, stacktrace)\n"}, "start": 1744709940985, "stop": 1744709951047}], "start": 1744709940985, "stop": 1744709951047}], "attachments": [{"name": "查找替换失败", "source": "1c02cbe1-4878-4227-b3c7-59a268a70e94-attachment.png", "type": "image/png"}, {"name": "log", "source": "b6f43361-1bee-498b-8ffb-905fdb1e97f1-attachment.txt", "type": "text/plain"}], "start": 1744709940985, "stop": 1744709951149, "uuid": "c709f758-b552-41e6-8f66-471d9198ef4e", "historyId": "1e719401c7fda4e1196eee974a10e981", "testCaseId": "1e719401c7fda4e1196eee974a10e981", "fullName": "test_001.test_read_notes.TestReadNotes#test_search_and_replace", "labels": [{"name": "story", "value": "查找替换功能"}, {"name": "feature", "value": "阅卷笔记模块"}, {"name": "epic", "value": "案件管理系统"}, {"name": "severity", "value": "normal"}, {"name": "tag", "value": "flaky(reruns=2, reruns_delay=2)"}, {"name": "parentSuite", "value": "test_001"}, {"name": "suite", "value": "test_read_notes"}, {"name": "subSuite", "value": "TestReadNotes"}, {"name": "host", "value": "DESKTOP-3S8JLNL"}, {"name": "thread", "value": "7748-MainThread"}, {"name": "framework", "value": "pytest"}, {"name": "language", "value": "cpython3"}, {"name": "package", "value": "test_001.test_read_notes"}]}