{"name": "测试案件的添加、修改和删除", "status": "broken", "statusDetails": {"message": "selenium.common.exceptions.TimeoutException: Message: \nStacktrace:\n\tGetHandleVerifier [0x00007FF74BA8DF85+26693]\n\t(No symbol) [0x00007FF74B9EEAD0]\n\t(No symbol) [0x00007FF74B8791CA]\n\t(No symbol) [0x00007FF74B8CF747]\n\t(No symbol) [0x00007FF74B8CF97C]\n\t(No symbol) [0x00007FF74B9233C7]\n\t(No symbol) [0x00007FF74B8F792F]\n\t(No symbol) [0x00007FF74B9200B8]\n\t(No symbol) [0x00007FF74B8F76C3]\n\t(No symbol) [0x00007FF74B8C0490]\n\t(No symbol) [0x00007FF74B8C1743]\n\tGetHandleVerifier [0x00007FF74BDE436D+3525677]\n\tGetHandleVerifier [0x00007FF74BDF7F3B+3606523]\n\tGetHandleVerifier [0x00007FF74BDECEE3+3561379]\n\tGetHandleVerifier [0x00007FF74BB57C0A+853194]\n\t(No symbol) [0x00007FF74B9F990F]\n\t(No symbol) [0x00007FF74B9F5674]\n\t(No symbol) [0x00007FF74B9F5816]\n\t(No symbol) [0x00007FF74B9E4D89]\n\tBaseThreadInitThunk [0x00007FF98108E8D7+23]\n\tRtlUserThreadStart [0x00007FF9825514FC+44]", "trace": "self = <FgAI.test_001.test_CaseMg.TestCaseManagement object at 0x00000209ED6AA7F0>\ndriver = <selenium.webdriver.chrome.webdriver.WebDriver (session=\"257419884af1f6a85e524a2b5dccb42b\")>\n\n    @allure.story(\"案件增删改功能\")\n    @allure.title(\"测试案件的添加、修改和删除\")\n    @allure.severity(allure.severity_level.CRITICAL)\n    # @pytest.mark.timeout(300)\n    def test_case_crud(self, driver):\n        \"\"\"测试案件的添加、修改和删除功能\"\"\"\n        # 获取测试数据\n        test_data = get_test_data()\n        case_data = test_data[\"test_cases\"][0]\n        case_name = case_data[\"case_name\"]\n        case_number = case_data[\"case_number\"]\n    \n        logger.info(f\"开始测试案件增删改功能，案件名称: {case_name}\")\n        allure.dynamic.description(f\"测试案件增删改功能，使用案件: {case_name}\")\n    \n        # 登录系统 - 使用默认参数\n        # with allure.step(\"登录系统\"):\n        #     login_page = LoginPage(driver)\n        #     login_page.login()\n    \n        # 案件管理操作\n        with allure.step(f\"添加案件: {case_name}\"):\n            case_page = CasePage(driver)\n>           case_page.add_case(case_name, case_number)\n\ntest_CaseMg.py:102: \n_ _ _ _ _ _ _ _ _ _ _ _ _ _ _ _ _ _ _ _ _ _ _ _ _ _ _ _ _ _ _ _ _ _ _ _ _ _ _ _\n..\\pages\\case_page.py:33: in add_case\n    self.click_element(self.add_button)\n..\\pages\\base_page.py:33: in click_element\n    element = self.wait.until(EC.element_to_be_clickable(locator))\n_ _ _ _ _ _ _ _ _ _ _ _ _ _ _ _ _ _ _ _ _ _ _ _ _ _ _ _ _ _ _ _ _ _ _ _ _ _ _ _\n\nself = <selenium.webdriver.support.wait.WebDriverWait (session=\"257419884af1f6a85e524a2b5dccb42b\")>\nmethod = <function element_to_be_clickable.<locals>._predicate at 0x00000209ED6BC3A0>\nmessage = ''\n\n    def until(self, method: Callable[[D], Union[Literal[False], T]], message: str = \"\") -> T:\n        \"\"\"Wait until the method returns a value that is not False.\n    \n        Calls the method provided with the driver as an argument until the\n        return value does not evaluate to ``False``.\n    \n        Parameters:\n        ----------\n        method: callable(WebDriver)\n            - A callable object that takes a WebDriver instance as an argument.\n    \n        message: str\n            - Optional message for :exc:`TimeoutException`\n    \n        Return:\n        -------\n        object: T\n            - The result of the last call to `method`\n    \n        Raises:\n        -------\n        TimeoutException\n            - If 'method' does not return a truthy value within the WebDriverWait\n            object's timeout\n    \n        Example:\n        --------\n        >>> from selenium.webdriver.common.by import By\n        >>> from selenium.webdriver.support.ui import WebDriverWait\n        >>> from selenium.webdriver.support import expected_conditions as EC\n    \n        # Wait until an element is visible on the page\n        >>> wait = WebDriverWait(driver, 10)\n        >>> element = wait.until(EC.visibility_of_element_located((By.ID, \"exampleId\")))\n        >>> print(element.text)\n        \"\"\"\n        screen = None\n        stacktrace = None\n    \n        end_time = time.monotonic() + self._timeout\n        while True:\n            try:\n                value = method(self._driver)\n                if value:\n                    return value\n            except self._ignored_exceptions as exc:\n                screen = getattr(exc, \"screen\", None)\n                stacktrace = getattr(exc, \"stacktrace\", None)\n            if time.monotonic() > end_time:\n                break\n            time.sleep(self._poll)\n>       raise TimeoutException(message, screen, stacktrace)\nE       selenium.common.exceptions.TimeoutException: Message: \nE       Stacktrace:\nE       \tGetHandleVerifier [0x00007FF74BA8DF85+26693]\nE       \t(No symbol) [0x00007FF74B9EEAD0]\nE       \t(No symbol) [0x00007FF74B8791CA]\nE       \t(No symbol) [0x00007FF74B8CF747]\nE       \t(No symbol) [0x00007FF74B8CF97C]\nE       \t(No symbol) [0x00007FF74B9233C7]\nE       \t(No symbol) [0x00007FF74B8F792F]\nE       \t(No symbol) [0x00007FF74B9200B8]\nE       \t(No symbol) [0x00007FF74B8F76C3]\nE       \t(No symbol) [0x00007FF74B8C0490]\nE       \t(No symbol) [0x00007FF74B8C1743]\nE       \tGetHandleVerifier [0x00007FF74BDE436D+3525677]\nE       \tGetHandleVerifier [0x00007FF74BDF7F3B+3606523]\nE       \tGetHandleVerifier [0x00007FF74BDECEE3+3561379]\nE       \tGetHandleVerifier [0x00007FF74BB57C0A+853194]\nE       \t(No symbol) [0x00007FF74B9F990F]\nE       \t(No symbol) [0x00007FF74B9F5674]\nE       \t(No symbol) [0x00007FF74B9F5816]\nE       \t(No symbol) [0x00007FF74B9E4D89]\nE       \tBaseThreadInitThunk [0x00007FF98108E8D7+23]\nE       \tRtlUserThreadStart [0x00007FF9825514FC+44]\n\nD:\\Python39\\lib\\site-packages\\selenium\\webdriver\\support\\wait.py:146: TimeoutException"}, "description": "测试案件增删改功能，使用案件: (2025)苏0105民初0001号", "steps": [{"name": "添加案件: (2025)苏0105民初0001号", "status": "broken", "statusDetails": {"message": "selenium.common.exceptions.TimeoutException: Message: \nStacktrace:\n\tGetHandleVerifier [0x00007FF74BA8DF85+26693]\n\t(No symbol) [0x00007FF74B9EEAD0]\n\t(No symbol) [0x00007FF74B8791CA]\n\t(No symbol) [0x00007FF74B8CF747]\n\t(No symbol) [0x00007FF74B8CF97C]\n\t(No symbol) [0x00007FF74B9233C7]\n\t(No symbol) [0x00007FF74B8F792F]\n\t(No symbol) [0x00007FF74B9200B8]\n\t(No symbol) [0x00007FF74B8F76C3]\n\t(No symbol) [0x00007FF74B8C0490]\n\t(No symbol) [0x00007FF74B8C1743]\n\tGetHandleVerifier [0x00007FF74BDE436D+3525677]\n\tGetHandleVerifier [0x00007FF74BDF7F3B+3606523]\n\tGetHandleVerifier [0x00007FF74BDECEE3+3561379]\n\tGetHandleVerifier [0x00007FF74BB57C0A+853194]\n\t(No symbol) [0x00007FF74B9F990F]\n\t(No symbol) [0x00007FF74B9F5674]\n\t(No symbol) [0x00007FF74B9F5816]\n\t(No symbol) [0x00007FF74B9E4D89]\n\tBaseThreadInitThunk [0x00007FF98108E8D7+23]\n\tRtlUserThreadStart [0x00007FF9825514FC+44]\n\n", "trace": "  File \"E:\\AutoTest\\FgAI\\test_001\\test_CaseMg.py\", line 102, in test_case_crud\n    case_page.add_case(case_name, case_number)\n  File \"E:\\AutoTest\\FgAI\\pages\\case_page.py\", line 33, in add_case\n    self.click_element(self.add_button)\n  File \"E:\\AutoTest\\FgAI\\pages\\base_page.py\", line 33, in click_element\n    element = self.wait.until(EC.element_to_be_clickable(locator))\n  File \"D:\\Python39\\lib\\site-packages\\selenium\\webdriver\\support\\wait.py\", line 146, in until\n    raise TimeoutException(message, screen, stacktrace)\n"}, "steps": [{"name": "点击添加按钮", "status": "broken", "statusDetails": {"message": "selenium.common.exceptions.TimeoutException: Message: \nStacktrace:\n\tGetHandleVerifier [0x00007FF74BA8DF85+26693]\n\t(No symbol) [0x00007FF74B9EEAD0]\n\t(No symbol) [0x00007FF74B8791CA]\n\t(No symbol) [0x00007FF74B8CF747]\n\t(No symbol) [0x00007FF74B8CF97C]\n\t(No symbol) [0x00007FF74B9233C7]\n\t(No symbol) [0x00007FF74B8F792F]\n\t(No symbol) [0x00007FF74B9200B8]\n\t(No symbol) [0x00007FF74B8F76C3]\n\t(No symbol) [0x00007FF74B8C0490]\n\t(No symbol) [0x00007FF74B8C1743]\n\tGetHandleVerifier [0x00007FF74BDE436D+3525677]\n\tGetHandleVerifier [0x00007FF74BDF7F3B+3606523]\n\tGetHandleVerifier [0x00007FF74BDECEE3+3561379]\n\tGetHandleVerifier [0x00007FF74BB57C0A+853194]\n\t(No symbol) [0x00007FF74B9F990F]\n\t(No symbol) [0x00007FF74B9F5674]\n\t(No symbol) [0x00007FF74B9F5816]\n\t(No symbol) [0x00007FF74B9E4D89]\n\tBaseThreadInitThunk [0x00007FF98108E8D7+23]\n\tRtlUserThreadStart [0x00007FF9825514FC+44]\n\n", "trace": "  File \"E:\\AutoTest\\FgAI\\pages\\case_page.py\", line 33, in add_case\n    self.click_element(self.add_button)\n  File \"E:\\AutoTest\\FgAI\\pages\\base_page.py\", line 33, in click_element\n    element = self.wait.until(EC.element_to_be_clickable(locator))\n  File \"D:\\Python39\\lib\\site-packages\\selenium\\webdriver\\support\\wait.py\", line 146, in until\n    raise TimeoutException(message, screen, stacktrace)\n"}, "attachments": [{"name": "click_element_failed_//body//div//button[2]", "source": "f4176eca-f686-4f93-8b45-97e3a0ccffe7-attachment.png", "type": "image/png"}], "start": 1744599496387, "stop": 1744599506509}], "start": 1744599496387, "stop": 1744599506509}], "attachments": [{"name": "log", "source": "a4095dd7-fa2c-4b7c-82b6-59c3dc107533-attachment.txt", "type": "text/plain"}, {"name": "stderr", "source": "8ecd0308-e374-4356-b93b-21b0596be846-attachment.txt", "type": "text/plain"}], "start": 1744599496386, "stop": 1744599506510, "uuid": "f6d3de4a-aa23-4bb9-a717-df0cddc6ab4a", "historyId": "f35a86ea027d058924d82bec7f30547d", "testCaseId": "f35a86ea027d058924d82bec7f30547d", "fullName": "test_001.test_CaseMg.TestCaseManagement#test_case_crud", "labels": [{"name": "feature", "value": "案件管理功能"}, {"name": "epic", "value": "法官AI系统测试"}, {"name": "story", "value": "案件增删改功能"}, {"name": "severity", "value": "critical"}, {"name": "parentSuite", "value": "test_001"}, {"name": "suite", "value": "test_CaseMg"}, {"name": "subSuite", "value": "TestCaseManagement"}, {"name": "host", "value": "DESKTOP-3S8JLNL"}, {"name": "thread", "value": "5040-MainThread"}, {"name": "framework", "value": "pytest"}, {"name": "language", "value": "cpython3"}, {"name": "package", "value": "test_001.test_CaseMg"}]}