{"name": "辅助阅卷功能测试", "status": "broken", "statusDetails": {"message": "selenium.common.exceptions.TimeoutException: Message: \nStacktrace:\n\tGetHandleVerifier [0x00007FF6F5FEDF85+26693]\n\t(No symbol) [0x00007FF6F5F4EAD0]\n\t(No symbol) [0x00007FF6F5DD91CA]\n\t(No symbol) [0x00007FF6F5E2F747]\n\t(No symbol) [0x00007FF6F5E2F97C]\n\t(No symbol) [0x00007FF6F5E833C7]\n\t(No symbol) [0x00007FF6F5E5792F]\n\t(No symbol) [0x00007FF6F5E800B8]\n\t(No symbol) [0x00007FF6F5E576C3]\n\t(No symbol) [0x00007FF6F5E20490]\n\t(No symbol) [0x00007FF6F5E21743]\n\tGetHandleVerifier [0x00007FF6F634436D+3525677]\n\tGetHandleVerifier [0x00007FF6F6357F3B+3606523]\n\tGetHandleVerifier [0x00007FF6F634CEE3+3561379]\n\tGetHandleVerifier [0x00007FF6F60B7C0A+853194]\n\t(No symbol) [0x00007FF6F5F5990F]\n\t(No symbol) [0x00007FF6F5F55674]\n\t(No symbol) [0x00007FF6F5F55816]\n\t(No symbol) [0x00007FF6F5F44D89]\n\tBaseThreadInitThunk [0x00007FF8EA71E8D7+23]\n\tRtlUserThreadStart [0x00007FF8EC15BF6C+44]", "trace": "self = <FgAI.test_001.AssistedG.TestAssistedReading object at 0x000002B0073D8610>\n\n    @allure.severity(allure.severity_level.CRITICAL)\n    @allure.title(\"辅助阅卷功能测试\")\n    def test_assisted_reading(self):\n        \"\"\"测试辅助阅卷功能\"\"\"\n    \n        try:\n            # 1. 点击辅助阅卷按钮\n            with allure.step(\"点击辅助阅卷按钮\"):\n>               self.page.click_auxiliary_reading()\n\nAssistedG.py:31: \n_ _ _ _ _ _ _ _ _ _ _ _ _ _ _ _ _ _ _ _ _ _ _ _ _ _ _ _ _ _ _ _ _ _ _ _ _ _ _ _\n..\\pages\\assisted_reading_page.py:94: in click_auxiliary_reading\n    auxiliary_reading = self.wait.until(\n_ _ _ _ _ _ _ _ _ _ _ _ _ _ _ _ _ _ _ _ _ _ _ _ _ _ _ _ _ _ _ _ _ _ _ _ _ _ _ _\n\nself = <selenium.webdriver.support.wait.WebDriverWait (session=\"be9197b96b4613579328679ae9399fe5\")>\nmethod = <function element_to_be_clickable.<locals>._predicate at 0x000002B007376940>\nmessage = ''\n\n    def until(self, method: Callable[[D], Union[Literal[False], T]], message: str = \"\") -> T:\n        \"\"\"Wait until the method returns a value that is not False.\n    \n        Calls the method provided with the driver as an argument until the\n        return value does not evaluate to ``False``.\n    \n        Parameters:\n        ----------\n        method: callable(WebDriver)\n            - A callable object that takes a WebDriver instance as an argument.\n    \n        message: str\n            - Optional message for :exc:`TimeoutException`\n    \n        Return:\n        -------\n        object: T\n            - The result of the last call to `method`\n    \n        Raises:\n        -------\n        TimeoutException\n            - If 'method' does not return a truthy value within the WebDriverWait\n            object's timeout\n    \n        Example:\n        --------\n        >>> from selenium.webdriver.common.by import By\n        >>> from selenium.webdriver.support.ui import WebDriverWait\n        >>> from selenium.webdriver.support import expected_conditions as EC\n    \n        # Wait until an element is visible on the page\n        >>> wait = WebDriverWait(driver, 10)\n        >>> element = wait.until(EC.visibility_of_element_located((By.ID, \"exampleId\")))\n        >>> print(element.text)\n        \"\"\"\n        screen = None\n        stacktrace = None\n    \n        end_time = time.monotonic() + self._timeout\n        while True:\n            try:\n                value = method(self._driver)\n                if value:\n                    return value\n            except self._ignored_exceptions as exc:\n                screen = getattr(exc, \"screen\", None)\n                stacktrace = getattr(exc, \"stacktrace\", None)\n            if time.monotonic() > end_time:\n                break\n            time.sleep(self._poll)\n>       raise TimeoutException(message, screen, stacktrace)\nE       selenium.common.exceptions.TimeoutException: Message: \nE       Stacktrace:\nE       \tGetHandleVerifier [0x00007FF6F5FEDF85+26693]\nE       \t(No symbol) [0x00007FF6F5F4EAD0]\nE       \t(No symbol) [0x00007FF6F5DD91CA]\nE       \t(No symbol) [0x00007FF6F5E2F747]\nE       \t(No symbol) [0x00007FF6F5E2F97C]\nE       \t(No symbol) [0x00007FF6F5E833C7]\nE       \t(No symbol) [0x00007FF6F5E5792F]\nE       \t(No symbol) [0x00007FF6F5E800B8]\nE       \t(No symbol) [0x00007FF6F5E576C3]\nE       \t(No symbol) [0x00007FF6F5E20490]\nE       \t(No symbol) [0x00007FF6F5E21743]\nE       \tGetHandleVerifier [0x00007FF6F634436D+3525677]\nE       \tGetHandleVerifier [0x00007FF6F6357F3B+3606523]\nE       \tGetHandleVerifier [0x00007FF6F634CEE3+3561379]\nE       \tGetHandleVerifier [0x00007FF6F60B7C0A+853194]\nE       \t(No symbol) [0x00007FF6F5F5990F]\nE       \t(No symbol) [0x00007FF6F5F55674]\nE       \t(No symbol) [0x00007FF6F5F55816]\nE       \t(No symbol) [0x00007FF6F5F44D89]\nE       \tBaseThreadInitThunk [0x00007FF8EA71E8D7+23]\nE       \tRtlUserThreadStart [0x00007FF8EC15BF6C+44]\n\nD:\\Python39\\lib\\site-packages\\selenium\\webdriver\\support\\wait.py:146: TimeoutException"}, "description": "测试辅助阅卷功能", "steps": [{"name": "点击辅助阅卷按钮", "status": "broken", "statusDetails": {"message": "selenium.common.exceptions.TimeoutException: Message: \nStacktrace:\n\tGetHandleVerifier [0x00007FF6F5FEDF85+26693]\n\t(No symbol) [0x00007FF6F5F4EAD0]\n\t(No symbol) [0x00007FF6F5DD91CA]\n\t(No symbol) [0x00007FF6F5E2F747]\n\t(No symbol) [0x00007FF6F5E2F97C]\n\t(No symbol) [0x00007FF6F5E833C7]\n\t(No symbol) [0x00007FF6F5E5792F]\n\t(No symbol) [0x00007FF6F5E800B8]\n\t(No symbol) [0x00007FF6F5E576C3]\n\t(No symbol) [0x00007FF6F5E20490]\n\t(No symbol) [0x00007FF6F5E21743]\n\tGetHandleVerifier [0x00007FF6F634436D+3525677]\n\tGetHandleVerifier [0x00007FF6F6357F3B+3606523]\n\tGetHandleVerifier [0x00007FF6F634CEE3+3561379]\n\tGetHandleVerifier [0x00007FF6F60B7C0A+853194]\n\t(No symbol) [0x00007FF6F5F5990F]\n\t(No symbol) [0x00007FF6F5F55674]\n\t(No symbol) [0x00007FF6F5F55816]\n\t(No symbol) [0x00007FF6F5F44D89]\n\tBaseThreadInitThunk [0x00007FF8EA71E8D7+23]\n\tRtlUserThreadStart [0x00007FF8EC15BF6C+44]\n\n", "trace": "  File \"E:\\AutoTest\\FgAI\\test_001\\AssistedG.py\", line 31, in test_assisted_reading\n    self.page.click_auxiliary_reading()\n  File \"E:\\AutoTest\\FgAI\\pages\\assisted_reading_page.py\", line 94, in click_auxiliary_reading\n    auxiliary_reading = self.wait.until(\n  File \"D:\\Python39\\lib\\site-packages\\selenium\\webdriver\\support\\wait.py\", line 146, in until\n    raise TimeoutException(message, screen, stacktrace)\n"}, "start": 1743127456080, "stop": 1743127466110}], "attachments": [{"name": "test_failure", "source": "6feae27b-5e0b-4912-9744-3fd2048dff89-attachment.png", "type": "image/png"}, {"name": "log", "source": "28ce10e3-3286-44d7-bcfb-045dc3507f2e-attachment.txt", "type": "text/plain"}, {"name": "stderr", "source": "c366b72a-8ac7-4ee4-9a6a-21e3b98e343b-attachment.txt", "type": "text/plain"}], "start": 1743127456080, "stop": 1743127466179, "uuid": "c54510fd-52b8-4eed-8d66-56898263a39c", "historyId": "bcbc7cf4b4f79be87767f13c16480802", "testCaseId": "bcbc7cf4b4f79be87767f13c16480802", "fullName": "test_001.AssistedG.TestAssistedReading#test_assisted_reading", "labels": [{"name": "severity", "value": "critical"}, {"name": "parentSuite", "value": "test_001"}, {"name": "suite", "value": "AssistedG"}, {"name": "subSuite", "value": "TestAssistedReading"}, {"name": "host", "value": "DESKTOP-3S8JLNL"}, {"name": "thread", "value": "11492-MainThread"}, {"name": "framework", "value": "pytest"}, {"name": "language", "value": "cpython3"}, {"name": "package", "value": "test_001.AssistedG"}]}