{"name": "测试阅卷笔记完整业务流程", "status": "broken", "statusDetails": {"message": "selenium.common.exceptions.TimeoutException: Message: \nStacktrace:\n\tGetHandleVerifier [0x00007FF6C1FBDF85+26693]\n\t(No symbol) [0x00007FF6C1F1EAD0]\n\t(No symbol) [0x00007FF6C1DA91CA]\n\t(No symbol) [0x00007FF6C1DFF747]\n\t(No symbol) [0x00007FF6C1DFF97C]\n\t(No symbol) [0x00007FF6C1E533C7]\n\t(No symbol) [0x00007FF6C1E2792F]\n\t(No symbol) [0x00007FF6C1E500B8]\n\t(No symbol) [0x00007FF6C1E276C3]\n\t(No symbol) [0x00007FF6C1DF0490]\n\t(No symbol) [0x00007FF6C1DF1743]\n\tGetHandleVerifier [0x00007FF6C231436D+3525677]\n\tGetHandleVerifier [0x00007FF6C2327F3B+3606523]\n\tGetHandleVerifier [0x00007FF6C231CEE3+3561379]\n\tGetHandleVerifier [0x00007FF6C2087C0A+853194]\n\t(No symbol) [0x00007FF6C1F2990F]\n\t(No symbol) [0x00007FF6C1F25674]\n\t(No symbol) [0x00007FF6C1F25816]\n\t(No symbol) [0x00007FF6C1F14D89]\n\tBaseThreadInitThunk [0x00007FF98108E8D7+23]\n\tRtlUserThreadStart [0x00007FF9825514FC+44]", "trace": "self = <FgAI.test_001.test_read_notes.TestReadNotes object at 0x000001E6804ED6D0>\n\n    @allure.story(\"组合功能测试\")\n    @allure.title(\"测试阅卷笔记完整业务流程\")\n    @allure.severity(allure.severity_level.CRITICAL)\n    @pytest.mark.flaky(reruns=2, reruns_delay=2)\n    def test_complete_workflow(self):\n        \"\"\"\n        测试完整的业务流程：\n        1. 打开阅卷笔记\n        2. 查看判决书\n        3. 查看证据引用\n        4. 执行查找替换\n        5. 导出笔记\n        \"\"\"\n        logger.info(\"开始测试完整业务流程...\")\n        try:\n            # with allure.step(\"打开阅卷笔记\"):\n            #     self.read_notes.open_reading_notes()\n            #     self.take_screenshot(\"打开阅卷笔记\")\n    \n            with allure.step(\"执行判决书操作\"):\n>               self.read_notes.operate_judgment_doc()\n\ntest_read_notes.py:185: \n_ _ _ _ _ _ _ _ _ _ _ _ _ _ _ _ _ _ _ _ _ _ _ _ _ _ _ _ _ _ _ _ _ _ _ _ _ _ _ _\n..\\common\\read_notes_utils.py:79: in operate_judgment_doc\n    self.safe_click(ReadNotesPage.JUDGMENT_DOC, \"判决书选项\")\n..\\common\\read_notes_utils.py:47: in safe_click\n    element = self.wait_for_element_clickable(locator, timeout, description)\n..\\common\\read_notes_utils.py:29: in wait_for_element_clickable\n    element = WebDriverWait(self.driver, timeout).until(\n_ _ _ _ _ _ _ _ _ _ _ _ _ _ _ _ _ _ _ _ _ _ _ _ _ _ _ _ _ _ _ _ _ _ _ _ _ _ _ _\n\nself = <selenium.webdriver.support.wait.WebDriverWait (session=\"aa5a3021be5f5b9a66ec5195b948bf00\")>\nmethod = <function element_to_be_clickable.<locals>._predicate at 0x000001E680297AF0>\nmessage = ''\n\n    def until(self, method: Callable[[D], Union[Literal[False], T]], message: str = \"\") -> T:\n        \"\"\"Wait until the method returns a value that is not False.\n    \n        Calls the method provided with the driver as an argument until the\n        return value does not evaluate to ``False``.\n    \n        Parameters:\n        ----------\n        method: callable(WebDriver)\n            - A callable object that takes a WebDriver instance as an argument.\n    \n        message: str\n            - Optional message for :exc:`TimeoutException`\n    \n        Return:\n        -------\n        object: T\n            - The result of the last call to `method`\n    \n        Raises:\n        -------\n        TimeoutException\n            - If 'method' does not return a truthy value within the WebDriverWait\n            object's timeout\n    \n        Example:\n        --------\n        >>> from selenium.webdriver.common.by import By\n        >>> from selenium.webdriver.support.ui import WebDriverWait\n        >>> from selenium.webdriver.support import expected_conditions as EC\n    \n        # Wait until an element is visible on the page\n        >>> wait = WebDriverWait(driver, 10)\n        >>> element = wait.until(EC.visibility_of_element_located((By.ID, \"exampleId\")))\n        >>> print(element.text)\n        \"\"\"\n        screen = None\n        stacktrace = None\n    \n        end_time = time.monotonic() + self._timeout\n        while True:\n            try:\n                value = method(self._driver)\n                if value:\n                    return value\n            except self._ignored_exceptions as exc:\n                screen = getattr(exc, \"screen\", None)\n                stacktrace = getattr(exc, \"stacktrace\", None)\n            if time.monotonic() > end_time:\n                break\n            time.sleep(self._poll)\n>       raise TimeoutException(message, screen, stacktrace)\nE       selenium.common.exceptions.TimeoutException: Message: \nE       Stacktrace:\nE       \tGetHandleVerifier [0x00007FF6C1FBDF85+26693]\nE       \t(No symbol) [0x00007FF6C1F1EAD0]\nE       \t(No symbol) [0x00007FF6C1DA91CA]\nE       \t(No symbol) [0x00007FF6C1DFF747]\nE       \t(No symbol) [0x00007FF6C1DFF97C]\nE       \t(No symbol) [0x00007FF6C1E533C7]\nE       \t(No symbol) [0x00007FF6C1E2792F]\nE       \t(No symbol) [0x00007FF6C1E500B8]\nE       \t(No symbol) [0x00007FF6C1E276C3]\nE       \t(No symbol) [0x00007FF6C1DF0490]\nE       \t(No symbol) [0x00007FF6C1DF1743]\nE       \tGetHandleVerifier [0x00007FF6C231436D+3525677]\nE       \tGetHandleVerifier [0x00007FF6C2327F3B+3606523]\nE       \tGetHandleVerifier [0x00007FF6C231CEE3+3561379]\nE       \tGetHandleVerifier [0x00007FF6C2087C0A+853194]\nE       \t(No symbol) [0x00007FF6C1F2990F]\nE       \t(No symbol) [0x00007FF6C1F25674]\nE       \t(No symbol) [0x00007FF6C1F25816]\nE       \t(No symbol) [0x00007FF6C1F14D89]\nE       \tBaseThreadInitThunk [0x00007FF98108E8D7+23]\nE       \tRtlUserThreadStart [0x00007FF9825514FC+44]\n\nD:\\Python39\\lib\\site-packages\\selenium\\webdriver\\support\\wait.py:146: TimeoutException"}, "description": "\n        测试完整的业务流程：\n        1. 打开阅卷笔记\n        2. 查看判决书\n        3. 查看证据引用\n        4. 执行查找替换\n        5. 导出笔记\n        ", "steps": [{"name": "执行判决书操作", "status": "broken", "statusDetails": {"message": "selenium.common.exceptions.TimeoutException: Message: \nStacktrace:\n\tGetHandleVerifier [0x00007FF6C1FBDF85+26693]\n\t(No symbol) [0x00007FF6C1F1EAD0]\n\t(No symbol) [0x00007FF6C1DA91CA]\n\t(No symbol) [0x00007FF6C1DFF747]\n\t(No symbol) [0x00007FF6C1DFF97C]\n\t(No symbol) [0x00007FF6C1E533C7]\n\t(No symbol) [0x00007FF6C1E2792F]\n\t(No symbol) [0x00007FF6C1E500B8]\n\t(No symbol) [0x00007FF6C1E276C3]\n\t(No symbol) [0x00007FF6C1DF0490]\n\t(No symbol) [0x00007FF6C1DF1743]\n\tGetHandleVerifier [0x00007FF6C231436D+3525677]\n\tGetHandleVerifier [0x00007FF6C2327F3B+3606523]\n\tGetHandleVerifier [0x00007FF6C231CEE3+3561379]\n\tGetHandleVerifier [0x00007FF6C2087C0A+853194]\n\t(No symbol) [0x00007FF6C1F2990F]\n\t(No symbol) [0x00007FF6C1F25674]\n\t(No symbol) [0x00007FF6C1F25816]\n\t(No symbol) [0x00007FF6C1F14D89]\n\tBaseThreadInitThunk [0x00007FF98108E8D7+23]\n\tRtlUserThreadStart [0x00007FF9825514FC+44]\n\n", "trace": "  File \"E:\\AutoTest\\FgAI\\test_001\\test_read_notes.py\", line 185, in test_complete_workflow\n    self.read_notes.operate_judgment_doc()\n  File \"D:\\Python39\\lib\\site-packages\\allure_commons\\_allure.py\", line 192, in impl\n    return func(*a, **kw)\n  File \"E:\\AutoTest\\FgAI\\common\\read_notes_utils.py\", line 79, in operate_judgment_doc\n    self.safe_click(ReadNotesPage.JUDGMENT_DOC, \"判决书选项\")\n  File \"E:\\AutoTest\\FgAI\\common\\read_notes_utils.py\", line 47, in safe_click\n    element = self.wait_for_element_clickable(locator, timeout, description)\n  File \"E:\\AutoTest\\FgAI\\common\\read_notes_utils.py\", line 29, in wait_for_element_clickable\n    element = WebDriverWait(self.driver, timeout).until(\n  File \"D:\\Python39\\lib\\site-packages\\selenium\\webdriver\\support\\wait.py\", line 146, in until\n    raise TimeoutException(message, screen, stacktrace)\n"}, "steps": [{"name": "操作判决书", "status": "broken", "statusDetails": {"message": "selenium.common.exceptions.TimeoutException: Message: \nStacktrace:\n\tGetHandleVerifier [0x00007FF6C1FBDF85+26693]\n\t(No symbol) [0x00007FF6C1F1EAD0]\n\t(No symbol) [0x00007FF6C1DA91CA]\n\t(No symbol) [0x00007FF6C1DFF747]\n\t(No symbol) [0x00007FF6C1DFF97C]\n\t(No symbol) [0x00007FF6C1E533C7]\n\t(No symbol) [0x00007FF6C1E2792F]\n\t(No symbol) [0x00007FF6C1E500B8]\n\t(No symbol) [0x00007FF6C1E276C3]\n\t(No symbol) [0x00007FF6C1DF0490]\n\t(No symbol) [0x00007FF6C1DF1743]\n\tGetHandleVerifier [0x00007FF6C231436D+3525677]\n\tGetHandleVerifier [0x00007FF6C2327F3B+3606523]\n\tGetHandleVerifier [0x00007FF6C231CEE3+3561379]\n\tGetHandleVerifier [0x00007FF6C2087C0A+853194]\n\t(No symbol) [0x00007FF6C1F2990F]\n\t(No symbol) [0x00007FF6C1F25674]\n\t(No symbol) [0x00007FF6C1F25816]\n\t(No symbol) [0x00007FF6C1F14D89]\n\tBaseThreadInitThunk [0x00007FF98108E8D7+23]\n\tRtlUserThreadStart [0x00007FF9825514FC+44]\n\n", "trace": "  File \"D:\\Python39\\lib\\site-packages\\allure_commons\\_allure.py\", line 192, in impl\n    return func(*a, **kw)\n  File \"E:\\AutoTest\\FgAI\\common\\read_notes_utils.py\", line 79, in operate_judgment_doc\n    self.safe_click(ReadNotesPage.JUDGMENT_DOC, \"判决书选项\")\n  File \"E:\\AutoTest\\FgAI\\common\\read_notes_utils.py\", line 47, in safe_click\n    element = self.wait_for_element_clickable(locator, timeout, description)\n  File \"E:\\AutoTest\\FgAI\\common\\read_notes_utils.py\", line 29, in wait_for_element_clickable\n    element = WebDriverWait(self.driver, timeout).until(\n  File \"D:\\Python39\\lib\\site-packages\\selenium\\webdriver\\support\\wait.py\", line 146, in until\n    raise TimeoutException(message, screen, stacktrace)\n"}, "start": 1744710813578, "stop": 1744710823627}], "start": 1744710813578, "stop": 1744710823628}], "attachments": [{"name": "业务流程失败", "source": "53249c6e-9f74-42b8-b7d0-0b90f2f33002-attachment.png", "type": "image/png"}, {"name": "log", "source": "abfc42a4-073e-4eb2-b8cb-73eb8f2dfbd7-attachment.txt", "type": "text/plain"}, {"name": "stderr", "source": "187e086e-6165-4607-b502-afc899574089-attachment.txt", "type": "text/plain"}], "start": 1744710813578, "stop": 1744710823702, "uuid": "602bb211-d53f-4cfa-96b9-aabaebe79567", "historyId": "99152a7fa99863a616f2f68fed419185", "testCaseId": "99152a7fa99863a616f2f68fed419185", "fullName": "test_001.test_read_notes.TestReadNotes#test_complete_workflow", "labels": [{"name": "story", "value": "组合功能测试"}, {"name": "feature", "value": "阅卷笔记模块"}, {"name": "severity", "value": "critical"}, {"name": "epic", "value": "案件管理系统"}, {"name": "tag", "value": "flaky(reruns=2, reruns_delay=2)"}, {"name": "parentSuite", "value": "test_001"}, {"name": "suite", "value": "test_read_notes"}, {"name": "subSuite", "value": "TestReadNotes"}, {"name": "host", "value": "DESKTOP-3S8JLNL"}, {"name": "thread", "value": "14060-MainThread"}, {"name": "framework", "value": "pytest"}, {"name": "language", "value": "cpython3"}, {"name": "package", "value": "test_001.test_read_notes"}]}